<?xml version="1.0" encoding="UTF-8"?>
<testsuite xmlns:xsi="http://www.w3.org/2001/XMLSchema-instance" xsi:noNamespaceSchemaLocation="https://maven.apache.org/surefire/maven-surefire-plugin/xsd/surefire-test-report-3.0.xsd" version="3.0" name="com.easybase.generator.GeneratorTest" time="0.26" tests="2" errors="0" skipped="0" failures="0">
  <properties>
    <property name="java.specification.version" value="17"/>
    <property name="sun.jnu.encoding" value="UTF-8"/>
    <property name="java.class.path" value="/home/me/Desktop/easy base/workspace/Easy-base/tools/generator/target/test-classes:/home/me/Desktop/easy base/workspace/Easy-base/tools/generator/target/classes:/home/me/.m2/repository/org/yaml/snakeyaml/2.2/snakeyaml-2.2.jar:/home/me/.m2/repository/org/freemarker/freemarker/2.3.32/freemarker-2.3.32.jar:/home/me/.m2/repository/org/apache/maven/maven-plugin-api/3.9.0/maven-plugin-api-3.9.0.jar:/home/me/.m2/repository/org/apache/maven/maven-model/3.9.0/maven-model-3.9.0.jar:/home/me/.m2/repository/org/apache/maven/maven-artifact/3.9.0/maven-artifact-3.9.0.jar:/home/me/.m2/repository/org/eclipse/sisu/org.eclipse.sisu.plexus/0.3.5/org.eclipse.sisu.plexus-0.3.5.jar:/home/me/.m2/repository/javax/annotation/javax.annotation-api/1.2/javax.annotation-api-1.2.jar:/home/me/.m2/repository/org/codehaus/plexus/plexus-utils/3.4.2/plexus-utils-3.4.2.jar:/home/me/.m2/repository/org/codehaus/plexus/plexus-classworlds/2.6.0/plexus-classworlds-2.6.0.jar:/home/me/.m2/repository/org/apache/maven/maven-core/3.9.0/maven-core-3.9.0.jar:/home/me/.m2/repository/org/apache/maven/maven-settings/3.9.0/maven-settings-3.9.0.jar:/home/me/.m2/repository/org/apache/maven/maven-settings-builder/3.9.0/maven-settings-builder-3.9.0.jar:/home/me/.m2/repository/org/codehaus/plexus/plexus-sec-dispatcher/2.0/plexus-sec-dispatcher-2.0.jar:/home/me/.m2/repository/org/codehaus/plexus/plexus-cipher/2.0/plexus-cipher-2.0.jar:/home/me/.m2/repository/org/apache/maven/maven-builder-support/3.9.0/maven-builder-support-3.9.0.jar:/home/me/.m2/repository/org/apache/maven/maven-repository-metadata/3.9.0/maven-repository-metadata-3.9.0.jar:/home/me/.m2/repository/org/apache/maven/maven-model-builder/3.9.0/maven-model-builder-3.9.0.jar:/home/me/.m2/repository/org/apache/maven/maven-resolver-provider/3.9.0/maven-resolver-provider-3.9.0.jar:/home/me/.m2/repository/org/apache/maven/resolver/maven-resolver-impl/1.9.4/maven-resolver-impl-1.9.4.jar:/home/me/.m2/repository/org/apache/maven/resolver/maven-resolver-named-locks/1.9.4/maven-resolver-named-locks-1.9.4.jar:/home/me/.m2/repository/org/apache/maven/resolver/maven-resolver-api/1.9.4/maven-resolver-api-1.9.4.jar:/home/me/.m2/repository/org/apache/maven/resolver/maven-resolver-spi/1.9.4/maven-resolver-spi-1.9.4.jar:/home/me/.m2/repository/org/apache/maven/resolver/maven-resolver-util/1.9.4/maven-resolver-util-1.9.4.jar:/home/me/.m2/repository/org/apache/maven/shared/maven-shared-utils/3.3.4/maven-shared-utils-3.3.4.jar:/home/me/.m2/repository/org/eclipse/sisu/org.eclipse.sisu.inject/0.3.5/org.eclipse.sisu.inject-0.3.5.jar:/home/me/.m2/repository/com/google/inject/guice/5.1.0/guice-5.1.0.jar:/home/me/.m2/repository/aopalliance/aopalliance/1.0/aopalliance-1.0.jar:/home/me/.m2/repository/com/google/guava/guava/30.1-jre/guava-30.1-jre.jar:/home/me/.m2/repository/com/google/guava/failureaccess/1.0.1/failureaccess-1.0.1.jar:/home/me/.m2/repository/javax/inject/javax.inject/1/javax.inject-1.jar:/home/me/.m2/repository/org/codehaus/plexus/plexus-interpolation/1.26/plexus-interpolation-1.26.jar:/home/me/.m2/repository/org/codehaus/plexus/plexus-component-annotations/2.1.0/plexus-component-annotations-2.1.0.jar:/home/me/.m2/repository/org/apache/commons/commons-lang3/3.13.0/commons-lang3-3.13.0.jar:/home/me/.m2/repository/org/slf4j/slf4j-api/2.0.12/slf4j-api-2.0.12.jar:/home/me/.m2/repository/org/apache/maven/plugin-tools/maven-plugin-annotations/3.8.2/maven-plugin-annotations-3.8.2.jar:/home/me/.m2/repository/org/junit/jupiter/junit-jupiter/5.10.0/junit-jupiter-5.10.0.jar:/home/me/.m2/repository/org/junit/jupiter/junit-jupiter-api/5.10.2/junit-jupiter-api-5.10.2.jar:/home/me/.m2/repository/org/opentest4j/opentest4j/1.3.0/opentest4j-1.3.0.jar:/home/me/.m2/repository/org/junit/platform/junit-platform-commons/1.10.2/junit-platform-commons-1.10.2.jar:/home/me/.m2/repository/org/apiguardian/apiguardian-api/1.1.2/apiguardian-api-1.1.2.jar:/home/me/.m2/repository/org/junit/jupiter/junit-jupiter-params/5.10.2/junit-jupiter-params-5.10.2.jar:/home/me/.m2/repository/org/junit/jupiter/junit-jupiter-engine/5.10.2/junit-jupiter-engine-5.10.2.jar:/home/me/.m2/repository/org/junit/platform/junit-platform-engine/1.10.2/junit-platform-engine-1.10.2.jar:"/>
    <property name="java.vm.vendor" value="Azul Systems, Inc."/>
    <property name="sun.arch.data.model" value="64"/>
    <property name="java.vendor.url" value="http://www.azul.com/"/>
    <property name="user.timezone" value="Asia/Kolkata"/>
    <property name="os.name" value="Linux"/>
    <property name="java.vm.specification.version" value="17"/>
    <property name="sun.java.launcher" value="SUN_STANDARD"/>
    <property name="user.country" value="US"/>
    <property name="sun.boot.library.path" value="/opt/java/zulu17.46.19-ca-jdk17.0.9-linux_x64/lib"/>
    <property name="sun.java.command" value="/home/me/Desktop/easy base/workspace/Easy-base/tools/generator/target/surefire/surefirebooter-20250228173813469_3.jar /home/me/Desktop/easy base/workspace/Easy-base/tools/generator/target/surefire 2025-02-28T17-38-13_408-jvmRun1 surefire-20250228173813469_1tmp surefire_0-20250228173813469_2tmp"/>
    <property name="jdk.debug" value="release"/>
    <property name="surefire.test.class.path" value="/home/me/Desktop/easy base/workspace/Easy-base/tools/generator/target/test-classes:/home/me/Desktop/easy base/workspace/Easy-base/tools/generator/target/classes:/home/me/.m2/repository/org/yaml/snakeyaml/2.2/snakeyaml-2.2.jar:/home/me/.m2/repository/org/freemarker/freemarker/2.3.32/freemarker-2.3.32.jar:/home/me/.m2/repository/org/apache/maven/maven-plugin-api/3.9.0/maven-plugin-api-3.9.0.jar:/home/me/.m2/repository/org/apache/maven/maven-model/3.9.0/maven-model-3.9.0.jar:/home/me/.m2/repository/org/apache/maven/maven-artifact/3.9.0/maven-artifact-3.9.0.jar:/home/me/.m2/repository/org/eclipse/sisu/org.eclipse.sisu.plexus/0.3.5/org.eclipse.sisu.plexus-0.3.5.jar:/home/me/.m2/repository/javax/annotation/javax.annotation-api/1.2/javax.annotation-api-1.2.jar:/home/me/.m2/repository/org/codehaus/plexus/plexus-utils/3.4.2/plexus-utils-3.4.2.jar:/home/me/.m2/repository/org/codehaus/plexus/plexus-classworlds/2.6.0/plexus-classworlds-2.6.0.jar:/home/me/.m2/repository/org/apache/maven/maven-core/3.9.0/maven-core-3.9.0.jar:/home/me/.m2/repository/org/apache/maven/maven-settings/3.9.0/maven-settings-3.9.0.jar:/home/me/.m2/repository/org/apache/maven/maven-settings-builder/3.9.0/maven-settings-builder-3.9.0.jar:/home/me/.m2/repository/org/codehaus/plexus/plexus-sec-dispatcher/2.0/plexus-sec-dispatcher-2.0.jar:/home/me/.m2/repository/org/codehaus/plexus/plexus-cipher/2.0/plexus-cipher-2.0.jar:/home/me/.m2/repository/org/apache/maven/maven-builder-support/3.9.0/maven-builder-support-3.9.0.jar:/home/me/.m2/repository/org/apache/maven/maven-repository-metadata/3.9.0/maven-repository-metadata-3.9.0.jar:/home/me/.m2/repository/org/apache/maven/maven-model-builder/3.9.0/maven-model-builder-3.9.0.jar:/home/me/.m2/repository/org/apache/maven/maven-resolver-provider/3.9.0/maven-resolver-provider-3.9.0.jar:/home/me/.m2/repository/org/apache/maven/resolver/maven-resolver-impl/1.9.4/maven-resolver-impl-1.9.4.jar:/home/me/.m2/repository/org/apache/maven/resolver/maven-resolver-named-locks/1.9.4/maven-resolver-named-locks-1.9.4.jar:/home/me/.m2/repository/org/apache/maven/resolver/maven-resolver-api/1.9.4/maven-resolver-api-1.9.4.jar:/home/me/.m2/repository/org/apache/maven/resolver/maven-resolver-spi/1.9.4/maven-resolver-spi-1.9.4.jar:/home/me/.m2/repository/org/apache/maven/resolver/maven-resolver-util/1.9.4/maven-resolver-util-1.9.4.jar:/home/me/.m2/repository/org/apache/maven/shared/maven-shared-utils/3.3.4/maven-shared-utils-3.3.4.jar:/home/me/.m2/repository/org/eclipse/sisu/org.eclipse.sisu.inject/0.3.5/org.eclipse.sisu.inject-0.3.5.jar:/home/me/.m2/repository/com/google/inject/guice/5.1.0/guice-5.1.0.jar:/home/me/.m2/repository/aopalliance/aopalliance/1.0/aopalliance-1.0.jar:/home/me/.m2/repository/com/google/guava/guava/30.1-jre/guava-30.1-jre.jar:/home/me/.m2/repository/com/google/guava/failureaccess/1.0.1/failureaccess-1.0.1.jar:/home/me/.m2/repository/javax/inject/javax.inject/1/javax.inject-1.jar:/home/me/.m2/repository/org/codehaus/plexus/plexus-interpolation/1.26/plexus-interpolation-1.26.jar:/home/me/.m2/repository/org/codehaus/plexus/plexus-component-annotations/2.1.0/plexus-component-annotations-2.1.0.jar:/home/me/.m2/repository/org/apache/commons/commons-lang3/3.13.0/commons-lang3-3.13.0.jar:/home/me/.m2/repository/org/slf4j/slf4j-api/2.0.12/slf4j-api-2.0.12.jar:/home/me/.m2/repository/org/apache/maven/plugin-tools/maven-plugin-annotations/3.8.2/maven-plugin-annotations-3.8.2.jar:/home/me/.m2/repository/org/junit/jupiter/junit-jupiter/5.10.0/junit-jupiter-5.10.0.jar:/home/me/.m2/repository/org/junit/jupiter/junit-jupiter-api/5.10.2/junit-jupiter-api-5.10.2.jar:/home/me/.m2/repository/org/opentest4j/opentest4j/1.3.0/opentest4j-1.3.0.jar:/home/me/.m2/repository/org/junit/platform/junit-platform-commons/1.10.2/junit-platform-commons-1.10.2.jar:/home/me/.m2/repository/org/apiguardian/apiguardian-api/1.1.2/apiguardian-api-1.1.2.jar:/home/me/.m2/repository/org/junit/jupiter/junit-jupiter-params/5.10.2/junit-jupiter-params-5.10.2.jar:/home/me/.m2/repository/org/junit/jupiter/junit-jupiter-engine/5.10.2/junit-jupiter-engine-5.10.2.jar:/home/me/.m2/repository/org/junit/platform/junit-platform-engine/1.10.2/junit-platform-engine-1.10.2.jar:"/>
    <property name="sun.cpu.endian" value="little"/>
    <property name="user.home" value="/home/me"/>
    <property name="user.language" value="en"/>
    <property name="java.specification.vendor" value="Oracle Corporation"/>
    <property name="java.version.date" value="2023-10-17"/>
    <property name="java.home" value="/opt/java/zulu17.46.19-ca-jdk17.0.9-linux_x64"/>
    <property name="file.separator" value="/"/>
    <property name="basedir" value="/home/me/Desktop/easy base/workspace/Easy-base/tools/generator"/>
    <property name="java.vm.compressedOopsMode" value="Zero based"/>
    <property name="line.separator" value="&#10;"/>
    <property name="java.vm.specification.vendor" value="Oracle Corporation"/>
    <property name="java.specification.name" value="Java Platform API Specification"/>
    <property name="surefire.real.class.path" value="/home/me/Desktop/easy base/workspace/Easy-base/tools/generator/target/surefire/surefirebooter-20250228173813469_3.jar"/>
    <property name="sun.management.compiler" value="HotSpot 64-Bit Tiered Compilers"/>
    <property name="java.runtime.version" value="17.0.9+8-LTS"/>
    <property name="user.name" value="me"/>
    <property name="path.separator" value=":"/>
    <property name="os.version" value="6.8.7-100.fc38.x86_64"/>
    <property name="java.runtime.name" value="OpenJDK Runtime Environment"/>
    <property name="file.encoding" value="UTF-8"/>
    <property name="java.vm.name" value="OpenJDK 64-Bit Server VM"/>
    <property name="java.vendor.version" value="Zulu17.46+19-CA"/>
    <property name="localRepository" value="/home/me/.m2/repository"/>
    <property name="java.vendor.url.bug" value="http://www.azul.com/support/"/>
    <property name="java.io.tmpdir" value="/tmp"/>
    <property name="java.version" value="17.0.9"/>
    <property name="user.dir" value="/home/me/Desktop/easy base/workspace/Easy-base/tools/generator"/>
    <property name="os.arch" value="amd64"/>
    <property name="java.vm.specification.name" value="Java Virtual Machine Specification"/>
    <property name="native.encoding" value="UTF-8"/>
    <property name="java.library.path" value=":/usr/local/apr/lib:/usr/local/apr/lib:/usr/java/packages/lib:/usr/lib64:/lib64:/lib:/usr/lib"/>
    <property name="java.vm.info" value="mixed mode, sharing"/>
    <property name="java.vendor" value="Azul Systems, Inc."/>
    <property name="java.vm.version" value="17.0.9+8-LTS"/>
    <property name="sun.io.unicode.encoding" value="UnicodeLittle"/>
    <property name="java.class.version" value="61.0"/>
  </properties>
  <testcase name="testGenerateUser" classname="com.easybase.generator.GeneratorTest" time="0.242">
    <system-out><![CDATA[Parsing YAML file: /tmp/junit3763706365075189715/user.yml
Generated file: /tmp/junit3763706365075189715/easybase-user/pom.xml
Generated file: /tmp/junit3763706365075189715/easybase-user/src/main/java/com/easybase/user/model/User.java
Generated file: /tmp/junit3763706365075189715/easybase-user/src/main/java/com/easybase/user/model/UserImpl.java
Generated file: /tmp/junit3763706365075189715/easybase-user/src/main/java/com/easybase/user/model/UserWrapper.java
Generated file: /tmp/junit3763706365075189715/easybase-user/src/main/java/com/easybase/user/service/UserService.java
Generated file: /tmp/junit3763706365075189715/easybase-user/src/main/java/com/easybase/user/service/UserServiceImpl.java
Generated file: /tmp/junit3763706365075189715/easybase-user/src/main/java/com/easybase/user/repository/UserRepository.java
Generated file: /tmp/junit3763706365075189715/easybase-user/src/main/java/com/easybase/user/web/UserController.java
Generated file: /tmp/junit3763706365075189715/easybase-user/src/main/java/com/easybase/user/web/dto/UserDTO.java
Generated file: /tmp/junit3763706365075189715/easybase-user/src/main/java/com/easybase/user/web/dto/UserRequestDTO.java
Generated file: /tmp/junit3763706365075189715/easybase-user/src/main/java/com/easybase/user/web/dto/UserResponseDTO.java
Generated file: /tmp/junit3763706365075189715/easybase-user/src/main/java/com/easybase/user/UserApplication.java
Generated file: /tmp/junit3763706365075189715/easybase-user/src/main/resources/db/migration/V1__create_eb_user.sql
Generated file: /tmp/junit3763706365075189715/easybase-user/src/main/resources/META-INF/spring/module-spring.xml
Generated file: /tmp/junit3763706365075189715/easybase-user/src/main/resources/application.yml
Generated file: /tmp/junit3763706365075189715/easybase-user/src/main/java/com/easybase/user/model/enums/UserStatus.java
Code generation completed successfully for: User
]]></system-out>
    <system-err><![CDATA[Warning: Parent pom.xml not found at /tmp/junit3763706365075189715/pom.xml
]]></system-err>
  </testcase>
  <testcase name="testUserYamlParsing" classname="com.easybase.generator.GeneratorTest" time="0.005"/>
</testsuite>